-------------------------------------------------------------------------------
Test set: com.tourplanner.backend.service.TourLogServiceTest
-------------------------------------------------------------------------------
Tests run: 5, Failures: 2, Errors: 3, Skipped: 0, Time elapsed: 0.053 s <<< FAILURE! -- in com.tourplanner.backend.service.TourLogServiceTest
com.tourplanner.backend.service.TourLogServiceTest.getAllTourLogsForTour_TourNotFound_ThrowsException -- Time elapsed: 0.043 s <<< FAILURE!
org.opentest4j.AssertionFailedError: Unexpected exception type thrown, expected: <jakarta.persistence.EntityNotFoundException> but was: <java.lang.NullPointerException>
	at org.junit.jupiter.api.AssertionFailureBuilder.build(AssertionFailureBuilder.java:151)
	at org.junit.jupiter.api.AssertThrows.assertThrows(AssertThrows.java:67)
	at org.junit.jupiter.api.AssertThrows.assertThrows(AssertThrows.java:35)
	at org.junit.jupiter.api.Assertions.assertThrows(Assertions.java:3115)
	at com.tourplanner.backend.service.TourLogServiceTest.getAllTourLogsForTour_TourNotFound_ThrowsException(TourLogServiceTest.java:134)
	at java.base/java.lang.reflect.Method.invoke(Method.java:580)
	at java.base/java.util.ArrayList.forEach(ArrayList.java:1597)
	at java.base/java.util.ArrayList.forEach(ArrayList.java:1597)
Caused by: java.lang.NullPointerException: Cannot invoke "org.springframework.security.core.Authentication.getName()" because the return value of "org.springframework.security.core.context.SecurityContext.getAuthentication()" is null
	at com.tourplanner.backend.service.TourLogService.getCurrentUser(TourLogService.java:102)
	at com.tourplanner.backend.service.TourLogService.getAllTourLogsForTour(TourLogService.java:52)
	at com.tourplanner.backend.service.TourLogServiceTest.lambda$getAllTourLogsForTour_TourNotFound_ThrowsException$1(TourLogServiceTest.java:134)
	at org.junit.jupiter.api.AssertThrows.assertThrows(AssertThrows.java:53)
	... 6 more

com.tourplanner.backend.service.TourLogServiceTest.getAllTourLogsForTour_Success -- Time elapsed: 0.002 s <<< ERROR!
java.lang.NullPointerException: Cannot invoke "org.springframework.security.core.Authentication.getName()" because the return value of "org.springframework.security.core.context.SecurityContext.getAuthentication()" is null
	at com.tourplanner.backend.service.TourLogService.getCurrentUser(TourLogService.java:102)
	at com.tourplanner.backend.service.TourLogService.getAllTourLogsForTour(TourLogService.java:52)
	at com.tourplanner.backend.service.TourLogServiceTest.getAllTourLogsForTour_Success(TourLogServiceTest.java:85)
	at java.base/java.lang.reflect.Method.invoke(Method.java:580)
	at java.base/java.util.ArrayList.forEach(ArrayList.java:1597)
	at java.base/java.util.ArrayList.forEach(ArrayList.java:1597)

com.tourplanner.backend.service.TourLogServiceTest.getTourLogById_Success -- Time elapsed: 0.002 s <<< ERROR!
java.lang.NullPointerException: Cannot invoke "org.springframework.security.core.Authentication.getName()" because the return value of "org.springframework.security.core.context.SecurityContext.getAuthentication()" is null
	at com.tourplanner.backend.service.TourLogService.getCurrentUser(TourLogService.java:102)
	at com.tourplanner.backend.service.TourLogService.getTourLogById(TourLogService.java:66)
	at com.tourplanner.backend.service.TourLogServiceTest.getTourLogById_Success(TourLogServiceTest.java:99)
	at java.base/java.lang.reflect.Method.invoke(Method.java:580)
	at java.base/java.util.ArrayList.forEach(ArrayList.java:1597)
	at java.base/java.util.ArrayList.forEach(ArrayList.java:1597)

com.tourplanner.backend.service.TourLogServiceTest.getTourLogById_NotFound_ThrowsException -- Time elapsed: 0.003 s <<< FAILURE!
org.opentest4j.AssertionFailedError: Unexpected exception type thrown, expected: <jakarta.persistence.EntityNotFoundException> but was: <java.lang.NullPointerException>
	at org.junit.jupiter.api.AssertionFailureBuilder.build(AssertionFailureBuilder.java:151)
	at org.junit.jupiter.api.AssertThrows.assertThrows(AssertThrows.java:67)
	at org.junit.jupiter.api.AssertThrows.assertThrows(AssertThrows.java:35)
	at org.junit.jupiter.api.Assertions.assertThrows(Assertions.java:3115)
	at com.tourplanner.backend.service.TourLogServiceTest.getTourLogById_NotFound_ThrowsException(TourLogServiceTest.java:113)
	at java.base/java.lang.reflect.Method.invoke(Method.java:580)
	at java.base/java.util.ArrayList.forEach(ArrayList.java:1597)
	at java.base/java.util.ArrayList.forEach(ArrayList.java:1597)
Caused by: java.lang.NullPointerException: Cannot invoke "org.springframework.security.core.Authentication.getName()" because the return value of "org.springframework.security.core.context.SecurityContext.getAuthentication()" is null
	at com.tourplanner.backend.service.TourLogService.getCurrentUser(TourLogService.java:102)
	at com.tourplanner.backend.service.TourLogService.getTourLogById(TourLogService.java:66)
	at com.tourplanner.backend.service.TourLogServiceTest.lambda$getTourLogById_NotFound_ThrowsException$0(TourLogServiceTest.java:113)
	at org.junit.jupiter.api.AssertThrows.assertThrows(AssertThrows.java:53)
	... 6 more

com.tourplanner.backend.service.TourLogServiceTest.deleteTourLog_Success -- Time elapsed: 0.001 s <<< ERROR!
java.lang.NullPointerException: Cannot invoke "org.springframework.security.core.Authentication.getName()" because the return value of "org.springframework.security.core.context.SecurityContext.getAuthentication()" is null
	at com.tourplanner.backend.service.TourLogService.getCurrentUser(TourLogService.java:102)
	at com.tourplanner.backend.service.TourLogService.deleteTourLog(TourLogService.java:91)
	at com.tourplanner.backend.service.TourLogServiceTest.deleteTourLog_Success(TourLogServiceTest.java:122)
	at java.base/java.lang.reflect.Method.invoke(Method.java:580)
	at java.base/java.util.ArrayList.forEach(ArrayList.java:1597)
	at java.base/java.util.ArrayList.forEach(ArrayList.java:1597)

